# JRE version: OpenJDK Runtime Environment Temurin-21.0.8+9 (21.0.8+9) (build 21.0.8+9-LTS)
# Java VM: OpenJDK 64-Bit Server VM Temurin-21.0.8+9 (21.0.8+9-LTS, mixed mode, sharing, tiered, compressed oops, compressed class ptrs, parallel gc, windows-amd64)
GC Precious Log:
 CardTable entry size: 512
 CPUs: 8 total, 8 available
 Memory: 3578M
 Large Page Support: Disabled
 NUMA Support: Disabled
 Compressed Oops: Enabled (32-bit)
 Alignments: Space 512K, Generation 512K, Heap 2M
 Heap Min Capacity: 100M
 Heap Initial Capacity: 100M
 Heap Max Capacity: 2G
 Pre-touch: Disabled
 Parallel Workers: 8
Heap:
 PSYoungGen      total 4608K, used 3815K [0x00000000d5580000, 0x00000000d5c00000, 0x0000000100000000)
  eden space 2560K, 81% used [0x00000000d5580000,0x00000000d5789e48,0x00000000d5800000)
  from space 2048K, 84% used [0x00000000d5a00000,0x00000000d5bb0000,0x00000000d5c00000)
  to   space 2048K, 0% used [0x00000000d5800000,0x00000000d5800000,0x00000000d5a00000)
 ParOldGen       total 509952K, used 509472K [0x0000000080000000, 0x000000009f200000, 0x00000000d5580000)
  object space 509952K, 99% used [0x0000000080000000,0x000000009f188048,0x000000009f200000)
 Metaspace       used 58320K, committed 59648K, reserved 1114112K
  class space    used 6434K, committed 6976K, reserved 1048576K
GC Heap History (20 events):
Event: 57.967 GC heap before
{Heap before GC invocations=331 (full 2):
 PSYoungGen      total 4608K, used 4480K [0x00000000d5580000, 0x00000000d5c00000, 0x0000000100000000)
  eden space 2560K, 100% used [0x00000000d5580000,0x00000000d5800000,0x00000000d5800000)
  from space 2048K, 93% used [0x00000000d5a00000,0x00000000d5be0000,0x00000000d5c00000)
  to   space 2048K, 0% used [0x00000000d5800000,0x00000000d5800000,0x00000000d5a00000)
 ParOldGen       total 491520K, used 491320K [0x0000000080000000, 0x000000009e000000, 0x00000000d5580000)
  object space 491520K, 99% used [0x0000000080000000,0x000000009dfce048,0x000000009e000000)
 Metaspace       used 58309K, committed 59648K, reserved 1114112K
  class space    used 6434K, committed 6976K, reserved 1048576K
}
Event: 57.972 GC heap after
{Heap after GC invocations=331 (full 2):
 PSYoungGen      total 4608K, used 1888K [0x00000000d5580000, 0x00000000d5c00000, 0x0000000100000000)
  eden space 2560K, 0% used [0x00000000d5580000,0x00000000d5580000,0x00000000d5800000)
  from space 2048K, 92% used [0x00000000d5800000,0x00000000d59d8000,0x00000000d5a00000)
  to   space 2048K, 0% used [0x00000000d5a00000,0x00000000d5a00000,0x00000000d5c00000)
 ParOldGen       total 493568K, used 493144K [0x0000000080000000, 0x000000009e200000, 0x00000000d5580000)
  object space 493568K, 99% used [0x0000000080000000,0x000000009e196048,0x000000009e200000)
 Metaspace       used 58309K, committed 59648K, reserved 1114112K
  class space    used 6434K, committed 6976K, reserved 1048576K
}
Event: 57.992 GC heap before
{Heap before GC invocations=332 (full 2):
 PSYoungGen      total 4608K, used 4448K [0x00000000d5580000, 0x00000000d5c00000, 0x0000000100000000)
  eden space 2560K, 100% used [0x00000000d5580000,0x00000000d5800000,0x00000000d5800000)
  from space 2048K, 92% used [0x00000000d5800000,0x00000000d59d8000,0x00000000d5a00000)
  to   space 2048K, 0% used [0x00000000d5a00000,0x00000000d5a00000,0x00000000d5c00000)
 ParOldGen       total 493568K, used 493144K [0x0000000080000000, 0x000000009e200000, 0x00000000d5580000)
  object space 493568K, 99% used [0x0000000080000000,0x000000009e196048,0x000000009e200000)
 Metaspace       used 58309K, committed 59648K, reserved 1114112K
  class space    used 6434K, committed 6976K, reserved 1048576K
}
Event: 57.995 GC heap after
{Heap after GC invocations=332 (full 2):
 PSYoungGen      total 4608K, used 1856K [0x00000000d5580000, 0x00000000d5c00000, 0x0000000100000000)
  eden space 2560K, 0% used [0x00000000d5580000,0x00000000d5580000,0x00000000d5800000)
  from space 2048K, 90% used [0x00000000d5a00000,0x00000000d5bd0000,0x00000000d5c00000)
  to   space 2048K, 0% used [0x00000000d5800000,0x00000000d5800000,0x00000000d5a00000)
 ParOldGen       total 495104K, used 494952K [0x0000000080000000, 0x000000009e380000, 0x00000000d5580000)
  object space 495104K, 99% used [0x0000000080000000,0x000000009e35a048,0x000000009e380000)
 Metaspace       used 58309K, committed 59648K, reserved 1114112K
  class space    used 6434K, committed 6976K, reserved 1048576K
}
Event: 58.015 GC heap before
{Heap before GC invocations=333 (full 2):
 PSYoungGen      total 4608K, used 4416K [0x00000000d5580000, 0x00000000d5c00000, 0x0000000100000000)
  eden space 2560K, 100% used [0x00000000d5580000,0x00000000d5800000,0x00000000d5800000)
  from space 2048K, 90% used [0x00000000d5a00000,0x00000000d5bd0000,0x00000000d5c00000)
  to   space 2048K, 0% used [0x00000000d5800000,0x00000000d5800000,0x00000000d5a00000)
 ParOldGen       total 495104K, used 494952K [0x0000000080000000, 0x000000009e380000, 0x00000000d5580000)
  object space 495104K, 99% used [0x0000000080000000,0x000000009e35a048,0x000000009e380000)
 Metaspace       used 58309K, committed 59648K, reserved 1114112K
  class space    used 6434K, committed 6976K, reserved 1048576K
}
Event: 58.019 GC heap after
{Heap after GC invocations=333 (full 2):
 PSYoungGen      total 4608K, used 1856K [0x00000000d5580000, 0x00000000d5c00000, 0x0000000100000000)
  eden space 2560K, 0% used [0x00000000d5580000,0x00000000d5580000,0x00000000d5800000)
  from space 2048K, 90% used [0x00000000d5800000,0x00000000d59d0000,0x00000000d5a00000)
  to   space 2048K, 0% used [0x00000000d5a00000,0x00000000d5a00000,0x00000000d5c00000)
 ParOldGen       total 497152K, used 496768K [0x0000000080000000, 0x000000009e580000, 0x00000000d5580000)
  object space 497152K, 99% used [0x0000000080000000,0x000000009e520048,0x000000009e580000)
 Metaspace       used 58309K, committed 59648K, reserved 1114112K
  class space    used 6434K, committed 6976K, reserved 1048576K
}
Event: 58.042 GC heap before
{Heap before GC invocations=334 (full 2):
 PSYoungGen      total 4608K, used 4416K [0x00000000d5580000, 0x00000000d5c00000, 0x0000000100000000)
  eden space 2560K, 100% used [0x00000000d5580000,0x00000000d5800000,0x00000000d5800000)
  from space 2048K, 90% used [0x00000000d5800000,0x00000000d59d0000,0x00000000d5a00000)
  to   space 2048K, 0% used [0x00000000d5a00000,0x00000000d5a00000,0x00000000d5c00000)
 ParOldGen       total 497152K, used 496768K [0x0000000080000000, 0x000000009e580000, 0x00000000d5580000)
  object space 497152K, 99% used [0x0000000080000000,0x000000009e520048,0x000000009e580000)
 Metaspace       used 58309K, committed 59648K, reserved 1114112K
  class space    used 6434K, committed 6976K, reserved 1048576K
}
Event: 58.045 GC heap after
{Heap after GC invocations=334 (full 2):
 PSYoungGen      total 4608K, used 1920K [0x00000000d5580000, 0x00000000d5c00000, 0x0000000100000000)
  eden space 2560K, 0% used [0x00000000d5580000,0x00000000d5580000,0x00000000d5800000)
  from space 2048K, 93% used [0x00000000d5a00000,0x00000000d5be0000,0x00000000d5c00000)
  to   space 2048K, 0% used [0x00000000d5800000,0x00000000d5800000,0x00000000d5a00000)
 ParOldGen       total 498688K, used 498584K [0x0000000080000000, 0x000000009e700000, 0x00000000d5580000)
  object space 498688K, 99% used [0x0000000080000000,0x000000009e6e6048,0x000000009e700000)
 Metaspace       used 58309K, committed 59648K, reserved 1114112K
  class space    used 6434K, committed 6976K, reserved 1048576K
}
Event: 58.063 GC heap before
{Heap before GC invocations=335 (full 2):
 PSYoungGen      total 4608K, used 4480K [0x00000000d5580000, 0x00000000d5c00000, 0x0000000100000000)
  eden space 2560K, 100% used [0x00000000d5580000,0x00000000d5800000,0x00000000d5800000)
  from space 2048K, 93% used [0x00000000d5a00000,0x00000000d5be0000,0x00000000d5c00000)
  to   space 2048K, 0% used [0x00000000d5800000,0x00000000d5800000,0x00000000d5a00000)
 ParOldGen       total 498688K, used 498584K [0x0000000080000000, 0x000000009e700000, 0x00000000d5580000)
  object space 498688K, 99% used [0x0000000080000000,0x000000009e6e6048,0x000000009e700000)
 Metaspace       used 58309K, committed 59648K, reserved 1114112K
  class space    used 6434K, committed 6976K, reserved 1048576K
}
Event: 58.066 GC heap after
{Heap after GC invocations=335 (full 2):
 PSYoungGen      total 4608K, used 1888K [0x00000000d5580000, 0x00000000d5c00000, 0x0000000100000000)
  eden space 2560K, 0% used [0x00000000d5580000,0x00000000d5580000,0x00000000d5800000)
  from space 2048K, 92% used [0x00000000d5800000,0x00000000d59d8000,0x00000000d5a00000)
  to   space 2048K, 0% used [0x00000000d5a00000,0x00000000d5a00000,0x00000000d5c00000)
 ParOldGen       total 500736K, used 500392K [0x0000000080000000, 0x000000009e900000, 0x00000000d5580000)
  object space 500736K, 99% used [0x0000000080000000,0x000000009e8aa048,0x000000009e900000)
 Metaspace       used 58309K, committed 59648K, reserved 1114112K
  class space    used 6434K, committed 6976K, reserved 1048576K
}
Event: 58.083 GC heap before
{Heap before GC invocations=336 (full 2):
 PSYoungGen      total 4608K, used 4448K [0x00000000d5580000, 0x00000000d5c00000, 0x0000000100000000)
  eden space 2560K, 100% used [0x00000000d5580000,0x00000000d5800000,0x00000000d5800000)
  from space 2048K, 92% used [0x00000000d5800000,0x00000000d59d8000,0x00000000d5a00000)
  to   space 2048K, 0% used [0x00000000d5a00000,0x00000000d5a00000,0x00000000d5c00000)
 ParOldGen       total 500736K, used 500392K [0x0000000080000000, 0x000000009e900000, 0x00000000d5580000)
  object space 500736K, 99% used [0x0000000080000000,0x000000009e8aa048,0x000000009e900000)
 Metaspace       used 58309K, committed 59648K, reserved 1114112K
  class space    used 6434K, committed 6976K, reserved 1048576K
}
Event: 58.087 GC heap after
{Heap after GC invocations=336 (full 2):
 PSYoungGen      total 4608K, used 1920K [0x00000000d5580000, 0x00000000d5c00000, 0x0000000100000000)
  eden space 2560K, 0% used [0x00000000d5580000,0x00000000d5580000,0x00000000d5800000)
  from space 2048K, 93% used [0x00000000d5a00000,0x00000000d5be0000,0x00000000d5c00000)
  to   space 2048K, 0% used [0x00000000d5800000,0x00000000d5800000,0x00000000d5a00000)
 ParOldGen       total 502272K, used 502208K [0x0000000080000000, 0x000000009ea80000, 0x00000000d5580000)
  object space 502272K, 99% used [0x0000000080000000,0x000000009ea70048,0x000000009ea80000)
 Metaspace       used 58309K, committed 59648K, reserved 1114112K
  class space    used 6434K, committed 6976K, reserved 1048576K
}
Event: 58.104 GC heap before
{Heap before GC invocations=337 (full 2):
 PSYoungGen      total 4608K, used 4480K [0x00000000d5580000, 0x00000000d5c00000, 0x0000000100000000)
  eden space 2560K, 100% used [0x00000000d5580000,0x00000000d5800000,0x00000000d5800000)
  from space 2048K, 93% used [0x00000000d5a00000,0x00000000d5be0000,0x00000000d5c00000)
  to   space 2048K, 0% used [0x00000000d5800000,0x00000000d5800000,0x00000000d5a00000)
 ParOldGen       total 502272K, used 502208K [0x0000000080000000, 0x000000009ea80000, 0x00000000d5580000)
  object space 502272K, 99% used [0x0000000080000000,0x000000009ea70048,0x000000009ea80000)
 Metaspace       used 58309K, committed 59648K, reserved 1114112K
  class space    used 6434K, committed 6976K, reserved 1048576K
}
Event: 58.108 GC heap after
{Heap after GC invocations=337 (full 2):
 PSYoungGen      total 4608K, used 1888K [0x00000000d5580000, 0x00000000d5c00000, 0x0000000100000000)
  eden space 2560K, 0% used [0x00000000d5580000,0x00000000d5580000,0x00000000d5800000)
  from space 2048K, 92% used [0x00000000d5800000,0x00000000d59d8000,0x00000000d5a00000)
  to   space 2048K, 0% used [0x00000000d5a00000,0x00000000d5a00000,0x00000000d5c00000)
 ParOldGen       total 504320K, used 504040K [0x0000000080000000, 0x000000009ec80000, 0x00000000d5580000)
  object space 504320K, 99% used [0x0000000080000000,0x000000009ec3a048,0x000000009ec80000)
 Metaspace       used 58309K, committed 59648K, reserved 1114112K
  class space    used 6434K, committed 6976K, reserved 1048576K
}
Event: 58.124 GC heap before
{Heap before GC invocations=338 (full 2):
 PSYoungGen      total 4608K, used 4448K [0x00000000d5580000, 0x00000000d5c00000, 0x0000000100000000)
  eden space 2560K, 100% used [0x00000000d5580000,0x00000000d5800000,0x00000000d5800000)
  from space 2048K, 92% used [0x00000000d5800000,0x00000000d59d8000,0x00000000d5a00000)
  to   space 2048K, 0% used [0x00000000d5a00000,0x00000000d5a00000,0x00000000d5c00000)
 ParOldGen       total 504320K, used 504040K [0x0000000080000000, 0x000000009ec80000, 0x00000000d5580000)
  object space 504320K, 99% used [0x0000000080000000,0x000000009ec3a048,0x000000009ec80000)
 Metaspace       used 58309K, committed 59648K, reserved 1114112K
  class space    used 6434K, committed 6976K, reserved 1048576K
}
Event: 58.128 GC heap after
{Heap after GC invocations=338 (full 2):
 PSYoungGen      total 4608K, used 1856K [0x00000000d5580000, 0x00000000d5c00000, 0x0000000100000000)
  eden space 2560K, 0% used [0x00000000d5580000,0x00000000d5580000,0x00000000d5800000)
  from space 2048K, 90% used [0x00000000d5a00000,0x00000000d5bd0000,0x00000000d5c00000)
  to   space 2048K, 0% used [0x00000000d5800000,0x00000000d5800000,0x00000000d5a00000)
 ParOldGen       total 505856K, used 505840K [0x0000000080000000, 0x000000009ee00000, 0x00000000d5580000)
  object space 505856K, 99% used [0x0000000080000000,0x000000009edfc048,0x000000009ee00000)
 Metaspace       used 58309K, committed 59648K, reserved 1114112K
  class space    used 6434K, committed 6976K, reserved 1048576K
}
Event: 58.144 GC heap before
{Heap before GC invocations=339 (full 2):
 PSYoungGen      total 4608K, used 4416K [0x00000000d5580000, 0x00000000d5c00000, 0x0000000100000000)
  eden space 2560K, 100% used [0x00000000d5580000,0x00000000d5800000,0x00000000d5800000)
  from space 2048K, 90% used [0x00000000d5a00000,0x00000000d5bd0000,0x00000000d5c00000)
  to   space 2048K, 0% used [0x00000000d5800000,0x00000000d5800000,0x00000000d5a00000)
 ParOldGen       total 505856K, used 505840K [0x0000000080000000, 0x000000009ee00000, 0x00000000d5580000)
  object space 505856K, 99% used [0x0000000080000000,0x000000009edfc048,0x000000009ee00000)
 Metaspace       used 58309K, committed 59648K, reserved 1114112K
  class space    used 6434K, committed 6976K, reserved 1048576K
}
Event: 58.148 GC heap after
{Heap after GC invocations=339 (full 2):
 PSYoungGen      total 4608K, used 1920K [0x00000000d5580000, 0x00000000d5c00000, 0x0000000100000000)
  eden space 2560K, 0% used [0x00000000d5580000,0x00000000d5580000,0x00000000d5800000)
  from space 2048K, 93% used [0x00000000d5800000,0x00000000d59e0000,0x00000000d5a00000)
  to   space 2048K, 0% used [0x00000000d5a00000,0x00000000d5a00000,0x00000000d5c00000)
 ParOldGen       total 507904K, used 507624K [0x0000000080000000, 0x000000009f000000, 0x00000000d5580000)
  object space 507904K, 99% used [0x0000000080000000,0x000000009efba048,0x000000009f000000)
 Metaspace       used 58309K, committed 59648K, reserved 1114112K
  class space    used 6434K, committed 6976K, reserved 1048576K
}
Event: 65.025 GC heap before
{Heap before GC invocations=340 (full 2):
 PSYoungGen      total 4608K, used 4479K [0x00000000d5580000, 0x00000000d5c00000, 0x0000000100000000)
  eden space 2560K, 99% used [0x00000000d5580000,0x00000000d57ffff8,0x00000000d5800000)
  from space 2048K, 93% used [0x00000000d5800000,0x00000000d59e0000,0x00000000d5a00000)
  to   space 2048K, 0% used [0x00000000d5a00000,0x00000000d5a00000,0x00000000d5c00000)
 ParOldGen       total 507904K, used 507624K [0x0000000080000000, 0x000000009f000000, 0x00000000d5580000)
  object space 507904K, 99% used [0x0000000080000000,0x000000009efba048,0x000000009f000000)
 Metaspace       used 58310K, committed 59648K, reserved 1114112K
  class space    used 6434K, committed 6976K, reserved 1048576K
}
Event: 65.036 GC heap after
{Heap after GC invocations=340 (full 2):
 PSYoungGen      total 4608K, used 1728K [0x00000000d5580000, 0x00000000d5c00000, 0x0000000100000000)
  eden space 2560K, 0% used [0x00000000d5580000,0x00000000d5580000,0x00000000d5800000)
  from space 2048K, 84% used [0x00000000d5a00000,0x00000000d5bb0000,0x00000000d5c00000)
  to   space 2048K, 0% used [0x00000000d5800000,0x00000000d5800000,0x00000000d5a00000)
 ParOldGen       total 509952K, used 509472K [0x0000000080000000, 0x000000009f200000, 0x00000000d5580000)
  object space 509952K, 99% used [0x0000000080000000,0x000000009f188048,0x000000009f200000)
 Metaspace       used 58310K, committed 59648K, reserved 1114112K
  class space    used 6434K, committed 6976K, reserved 1048576K
}

